1774368400.975061 client started (20213): version 3.6a, socket /tmp/tmux-1000/default, protocol 8
1774368400.975106 on Linux 6.19.9-arch1-1 #1 SMP PREEMPT_DYNAMIC Thu, 19 Mar 2026 16:33:17 +0000
1774368400.975111 using libevent 2.1.12-stable poll
1774368400.975116 using ncurses 6.5 20240427
1774368400.975135 flags are 0x10010000
1774368400.975147 socket is /tmp/tmux-1000/default
1774368400.975172 trying connect
1774368400.975210 add peer 0x5583ca038010: 6 ((nil))
1774368400.975566 sending message 111 to peer 0x5583ca038010 (8 bytes)
1774368400.975573 sending message 111 to peer 0x5583ca038010 (8 bytes)
1774368400.975578 sending message 101 to peer 0x5583ca038010 (14 bytes)
1774368400.975582 sending message 109 to peer 0x5583ca038010 (4 bytes)
1774368400.975586 sending message 102 to peer 0x5583ca038010 (11 bytes)
1774368400.975591 sending message 108 to peer 0x5583ca038010 (25 bytes)
1774368400.975594 sending message 112 to peer 0x5583ca038010 (70 bytes)
1774368400.975599 sending message 112 to peer 0x5583ca038010 (5 bytes)
1774368400.975603 sending message 112 to peer 0x5583ca038010 (5 bytes)
1774368400.975607 sending message 112 to peer 0x5583ca038010 (6 bytes)
1774368400.975611 sending message 112 to peer 0x5583ca038010 (6 bytes)
1774368400.975616 sending message 112 to peer 0x5583ca038010 (11 bytes)
1774368400.975620 sending message 112 to peer 0x5583ca038010 (10 bytes)
1774368400.975624 sending message 112 to peer 0x5583ca038010 (13 bytes)
1774368400.975628 sending message 112 to peer 0x5583ca038010 (13 bytes)
1774368400.975632 sending message 112 to peer 0x5583ca038010 (18 bytes)
1774368400.975636 sending message 112 to peer 0x5583ca038010 (11 bytes)
1774368400.975641 sending message 112 to peer 0x5583ca038010 (10 bytes)
1774368400.975645 sending message 112 to peer 0x5583ca038010 (15 bytes)
1774368400.975649 sending message 112 to peer 0x5583ca038010 (21 bytes)
1774368400.975653 sending message 112 to peer 0x5583ca038010 (13 bytes)
1774368400.975657 sending message 112 to peer 0x5583ca038010 (7 bytes)
1774368400.975662 sending message 112 to peer 0x5583ca038010 (13 bytes)
1774368400.975666 sending message 112 to peer 0x5583ca038010 (7 bytes)
1774368400.975681 sending message 112 to peer 0x5583ca038010 (13 bytes)
1774368400.975685 sending message 112 to peer 0x5583ca038010 (9 bytes)
1774368400.975689 sending message 112 to peer 0x5583ca038010 (21 bytes)
1774368400.975694 sending message 112 to peer 0x5583ca038010 (13 bytes)
1774368400.975698 sending message 112 to peer 0x5583ca038010 (8 bytes)
1774368400.975702 sending message 112 to peer 0x5583ca038010 (12 bytes)
1774368400.975706 sending message 112 to peer 0x5583ca038010 (13 bytes)
1774368400.975710 sending message 112 to peer 0x5583ca038010 (9 bytes)
1774368400.975714 sending message 112 to peer 0x5583ca038010 (9 bytes)
1774368400.975719 sending message 112 to peer 0x5583ca038010 (12 bytes)
1774368400.975723 sending message 112 to peer 0x5583ca038010 (8 bytes)
1774368400.975727 sending message 112 to peer 0x5583ca038010 (8 bytes)
1774368400.975731 sending message 112 to peer 0x5583ca038010 (7 bytes)
1774368400.975735 sending message 112 to peer 0x5583ca038010 (7 bytes)
1774368400.975740 sending message 112 to peer 0x5583ca038010 (9 bytes)
1774368400.975743 sending message 112 to peer 0x5583ca038010 (13 bytes)
1774368400.975748 sending message 112 to peer 0x5583ca038010 (6 bytes)
1774368400.975752 sending message 112 to peer 0x5583ca038010 (9 bytes)
1774368400.975756 sending message 112 to peer 0x5583ca038010 (15 bytes)
1774368400.975761 sending message 112 to peer 0x5583ca038010 (13 bytes)
1774368400.975765 sending message 112 to peer 0x5583ca038010 (12 bytes)
1774368400.975769 sending message 112 to peer 0x5583ca038010 (8 bytes)
1774368400.975773 sending message 112 to peer 0x5583ca038010 (14 bytes)
1774368400.975777 sending message 112 to peer 0x5583ca038010 (11 bytes)
1774368400.975781 sending message 112 to peer 0x5583ca038010 (9 bytes)
1774368400.975785 sending message 112 to peer 0x5583ca038010 (10 bytes)
1774368400.975789 sending message 112 to peer 0x5583ca038010 (10 bytes)
1774368400.975801 sending message 112 to peer 0x5583ca038010 (10 bytes)
1774368400.975806 sending message 112 to peer 0x5583ca038010 (10 bytes)
1774368400.975810 sending message 112 to peer 0x5583ca038010 (11 bytes)
1774368400.975814 sending message 112 to peer 0x5583ca038010 (12 bytes)
1774368400.975819 sending message 112 to peer 0x5583ca038010 (12 bytes)
1774368400.975822 sending message 112 to peer 0x5583ca038010 (12 bytes)
1774368400.975827 sending message 112 to peer 0x5583ca038010 (12 bytes)
1774368400.975831 sending message 112 to peer 0x5583ca038010 (12 bytes)
1774368400.975835 sending message 112 to peer 0x5583ca038010 (11 bytes)
1774368400.975839 sending message 112 to peer 0x5583ca038010 (11 bytes)
1774368400.975843 sending message 112 to peer 0x5583ca038010 (12 bytes)
1774368400.975848 sending message 112 to peer 0x5583ca038010 (12 bytes)
1774368400.975852 sending message 112 to peer 0x5583ca038010 (12 bytes)
1774368400.975856 sending message 112 to peer 0x5583ca038010 (12 bytes)
1774368400.975860 sending message 112 to peer 0x5583ca038010 (12 bytes)
1774368400.975864 sending message 112 to peer 0x5583ca038010 (10 bytes)
1774368400.975869 sending message 112 to peer 0x5583ca038010 (12 bytes)
1774368400.975872 sending message 112 to peer 0x5583ca038010 (13 bytes)
1774368400.975877 sending message 112 to peer 0x5583ca038010 (13 bytes)
1774368400.975881 sending message 112 to peer 0x5583ca038010 (13 bytes)
1774368400.975885 sending message 112 to peer 0x5583ca038010 (13 bytes)
1774368400.975889 sending message 112 to peer 0x5583ca038010 (13 bytes)
1774368400.975893 sending message 112 to peer 0x5583ca038010 (8 bytes)
1774368400.975898 sending message 112 to peer 0x5583ca038010 (11 bytes)
1774368400.975902 sending message 112 to peer 0x5583ca038010 (11 bytes)
1774368400.975906 sending message 112 to peer 0x5583ca038010 (11 bytes)
1774368400.975911 sending message 112 to peer 0x5583ca038010 (12 bytes)
1774368400.975915 sending message 112 to peer 0x5583ca038010 (12 bytes)
1774368400.975919 sending message 112 to peer 0x5583ca038010 (12 bytes)
1774368400.975923 sending message 112 to peer 0x5583ca038010 (12 bytes)
1774368400.975927 sending message 112 to peer 0x5583ca038010 (13 bytes)
1774368400.975932 sending message 112 to peer 0x5583ca038010 (13 bytes)
1774368400.975936 sending message 112 to peer 0x5583ca038010 (13 bytes)
1774368400.975941 sending message 112 to peer 0x5583ca038010 (8 bytes)
1774368400.975945 sending message 112 to peer 0x5583ca038010 (13 bytes)
1774368400.975949 sending message 112 to peer 0x5583ca038010 (13 bytes)
1774368400.975954 sending message 112 to peer 0x5583ca038010 (13 bytes)
1774368400.975958 sending message 112 to peer 0x5583ca038010 (13 bytes)
1774368400.975962 sending message 112 to peer 0x5583ca038010 (13 bytes)
1774368400.975966 sending message 112 to peer 0x5583ca038010 (12 bytes)
1774368400.975970 sending message 112 to peer 0x5583ca038010 (12 bytes)
1774368400.975975 sending message 112 to peer 0x5583ca038010 (12 bytes)
1774368400.975979 sending message 112 to peer 0x5583ca038010 (12 bytes)
1774368400.975984 sending message 112 to peer 0x5583ca038010 (13 bytes)
1774368400.975988 sending message 112 to peer 0x5583ca038010 (8 bytes)
1774368400.975992 sending message 112 to peer 0x5583ca038010 (13 bytes)
1774368400.975996 sending message 112 to peer 0x5583ca038010 (13 bytes)
1774368400.976001 sending message 112 to peer 0x5583ca038010 (13 bytes)
1774368400.976005 sending message 112 to peer 0x5583ca038010 (13 bytes)
1774368400.976009 sending message 112 to peer 0x5583ca038010 (13 bytes)
1774368400.976014 sending message 112 to peer 0x5583ca038010 (13 bytes)
1774368400.976018 sending message 112 to peer 0x5583ca038010 (13 bytes)
1774368400.976023 sending message 112 to peer 0x5583ca038010 (12 bytes)
1774368400.976027 sending message 112 to peer 0x5583ca038010 (12 bytes)
1774368400.976031 sending message 112 to peer 0x5583ca038010 (12 bytes)
1774368400.976035 sending message 112 to peer 0x5583ca038010 (8 bytes)
1774368400.976040 sending message 112 to peer 0x5583ca038010 (12 bytes)
1774368400.976048 sending message 112 to peer 0x5583ca038010 (13 bytes)
1774368400.976052 sending message 112 to peer 0x5583ca038010 (13 bytes)
1774368400.976056 sending message 112 to peer 0x5583ca038010 (13 bytes)
1774368400.976060 sending message 112 to peer 0x5583ca038010 (13 bytes)
1774368400.976065 sending message 112 to peer 0x5583ca038010 (13 bytes)
1774368400.976069 sending message 112 to peer 0x5583ca038010 (13 bytes)
1774368400.976073 sending message 112 to peer 0x5583ca038010 (13 bytes)
1774368400.976077 sending message 112 to peer 0x5583ca038010 (13 bytes)
1774368400.976081 sending message 112 to peer 0x5583ca038010 (12 bytes)
1774368400.976086 sending message 112 to peer 0x5583ca038010 (10 bytes)
1774368400.976090 sending message 112 to peer 0x5583ca038010 (12 bytes)
1774368400.976094 sending message 112 to peer 0x5583ca038010 (12 bytes)
1774368400.976098 sending message 112 to peer 0x5583ca038010 (12 bytes)
1774368400.976102 sending message 112 to peer 0x5583ca038010 (13 bytes)
1774368400.976106 sending message 112 to peer 0x5583ca038010 (13 bytes)
1774368400.976111 sending message 112 to peer 0x5583ca038010 (13 bytes)
1774368400.976114 sending message 112 to peer 0x5583ca038010 (13 bytes)
1774368400.976119 sending message 112 to peer 0x5583ca038010 (13 bytes)
1774368400.976123 sending message 112 to peer 0x5583ca038010 (13 bytes)
1774368400.976127 sending message 112 to peer 0x5583ca038010 (13 bytes)
1774368400.976132 sending message 112 to peer 0x5583ca038010 (10 bytes)
1774368400.976136 sending message 112 to peer 0x5583ca038010 (13 bytes)
1774368400.976140 sending message 112 to peer 0x5583ca038010 (12 bytes)
1774368400.976144 sending message 112 to peer 0x5583ca038010 (12 bytes)
1774368400.976148 sending message 112 to peer 0x5583ca038010 (12 bytes)
1774368400.976152 sending message 112 to peer 0x5583ca038010 (10 bytes)
1774368400.976156 sending message 112 to peer 0x5583ca038010 (10 bytes)
1774368400.976161 sending message 112 to peer 0x5583ca038010 (10 bytes)
1774368400.976165 sending message 112 to peer 0x5583ca038010 (12 bytes)
1774368400.976169 sending message 112 to peer 0x5583ca038010 (13 bytes)
1774368400.976173 sending message 112 to peer 0x5583ca038010 (13 bytes)
1774368400.976177 sending message 112 to peer 0x5583ca038010 (13 bytes)
1774368400.976181 sending message 112 to peer 0x5583ca038010 (13 bytes)
1774368400.976185 sending message 112 to peer 0x5583ca038010 (13 bytes)
1774368400.976190 sending message 112 to peer 0x5583ca038010 (11 bytes)
1774368400.976194 sending message 112 to peer 0x5583ca038010 (11 bytes)
1774368400.976198 sending message 112 to peer 0x5583ca038010 (12 bytes)
1774368400.976202 sending message 112 to peer 0x5583ca038010 (12 bytes)
1774368400.976206 sending message 112 to peer 0x5583ca038010 (12 bytes)
1774368400.976211 sending message 112 to peer 0x5583ca038010 (12 bytes)
1774368400.976215 sending message 112 to peer 0x5583ca038010 (12 bytes)
1774368400.976219 sending message 112 to peer 0x5583ca038010 (11 bytes)
1774368400.976223 sending message 112 to peer 0x5583ca038010 (12 bytes)
1774368400.976227 sending message 112 to peer 0x5583ca038010 (12 bytes)
1774368400.976231 sending message 112 to peer 0x5583ca038010 (13 bytes)
1774368400.976236 sending message 112 to peer 0x5583ca038010 (13 bytes)
1774368400.976240 sending message 112 to peer 0x5583ca038010 (13 bytes)
1774368400.976244 sending message 112 to peer 0x5583ca038010 (13 bytes)
1774368400.976248 sending message 112 to peer 0x5583ca038010 (13 bytes)
1774368400.976252 sending message 112 to peer 0x5583ca038010 (10 bytes)
1774368400.976256 sending message 112 to peer 0x5583ca038010 (9 bytes)
1774368400.976261 sending message 112 to peer 0x5583ca038010 (12 bytes)
1774368400.976265 sending message 112 to peer 0x5583ca038010 (13 bytes)
1774368400.976269 sending message 112 to peer 0x5583ca038010 (13 bytes)
1774368400.976273 sending message 112 to peer 0x5583ca038010 (13 bytes)
1774368400.976277 sending message 112 to peer 0x5583ca038010 (13 bytes)
1774368400.976282 sending message 112 to peer 0x5583ca038010 (13 bytes)
1774368400.976292 sending message 112 to peer 0x5583ca038010 (9 bytes)
1774368400.976296 sending message 112 to peer 0x5583ca038010 (12 bytes)
1774368400.976300 sending message 112 to peer 0x5583ca038010 (13 bytes)
1774368400.976304 sending message 112 to peer 0x5583ca038010 (13 bytes)
1774368400.976309 sending message 112 to peer 0x5583ca038010 (13 bytes)
1774368400.976313 sending message 112 to peer 0x5583ca038010 (13 bytes)
1774368400.976317 sending message 112 to peer 0x5583ca038010 (13 bytes)
1774368400.976321 sending message 112 to peer 0x5583ca038010 (11 bytes)
1774368400.976325 sending message 112 to peer 0x5583ca038010 (12 bytes)
1774368400.976330 sending message 112 to peer 0x5583ca038010 (13 bytes)
1774368400.976334 sending message 112 to peer 0x5583ca038010 (13 bytes)
1774368400.976339 sending message 112 to peer 0x5583ca038010 (13 bytes)
1774368400.976342 sending message 112 to peer 0x5583ca038010 (13 bytes)
1774368400.976347 sending message 112 to peer 0x5583ca038010 (13 bytes)
1774368400.976351 sending message 112 to peer 0x5583ca038010 (11 bytes)
1774368400.976356 sending message 112 to peer 0x5583ca038010 (12 bytes)
1774368400.976360 sending message 112 to peer 0x5583ca038010 (12 bytes)
1774368400.976364 sending message 112 to peer 0x5583ca038010 (12 bytes)
1774368400.976369 sending message 112 to peer 0x5583ca038010 (12 bytes)
1774368400.976372 sending message 112 to peer 0x5583ca038010 (12 bytes)
1774368400.976377 sending message 112 to peer 0x5583ca038010 (21 bytes)
1774368400.976381 sending message 112 to peer 0x5583ca038010 (12 bytes)
1774368400.976386 sending message 112 to peer 0x5583ca038010 (9 bytes)
1774368400.976390 sending message 112 to peer 0x5583ca038010 (6 bytes)
1774368400.976394 sending message 112 to peer 0x5583ca038010 (13 bytes)
1774368400.976398 sending message 112 to peer 0x5583ca038010 (8 bytes)
1774368400.976402 sending message 112 to peer 0x5583ca038010 (15 bytes)
1774368400.976407 sending message 112 to peer 0x5583ca038010 (13 bytes)
1774368400.976412 sending message 112 to peer 0x5583ca038010 (9 bytes)
1774368400.976416 sending message 112 to peer 0x5583ca038010 (70 bytes)
1774368400.976420 sending message 112 to peer 0x5583ca038010 (69 bytes)
1774368400.976424 sending message 112 to peer 0x5583ca038010 (10 bytes)
1774368400.976429 sending message 112 to peer 0x5583ca038010 (10 bytes)
1774368400.976433 sending message 112 to peer 0x5583ca038010 (8 bytes)
1774368400.976437 sending message 112 to peer 0x5583ca038010 (15 bytes)
1774368400.976442 sending message 112 to peer 0x5583ca038010 (13 bytes)
1774368400.976446 sending message 112 to peer 0x5583ca038010 (10 bytes)
1774368400.976450 sending message 112 to peer 0x5583ca038010 (10 bytes)
1774368400.976454 sending message 112 to peer 0x5583ca038010 (17 bytes)
1774368400.976458 sending message 112 to peer 0x5583ca038010 (10 bytes)
1774368400.976463 sending message 112 to peer 0x5583ca038010 (13 bytes)
1774368400.976467 sending message 112 to peer 0x5583ca038010 (9 bytes)
1774368400.976471 sending message 112 to peer 0x5583ca038010 (5 bytes)
1774368400.976475 sending message 112 to peer 0x5583ca038010 (15 bytes)
1774368400.976481 sending message 104 to peer 0x5583ca038010 (0 bytes)
1774368400.976485 sending message 110 to peer 0x5583ca038010 (0 bytes)
1774368400.976490 sending message 107 to peer 0x5583ca038010 (4 bytes)
1774368400.976495 sending message 105 to peer 0x5583ca038010 (16 bytes)
1774368400.976499 sending message 105 to peer 0x5583ca038010 (32 bytes)
1774368400.976504 sending message 105 to peer 0x5583ca038010 (20 bytes)
1774368400.976508 sending message 105 to peer 0x5583ca038010 (38 bytes)
1774368400.976513 sending message 105 to peer 0x5583ca038010 (8 bytes)
1774368400.976517 sending message 105 to peer 0x5583ca038010 (58 bytes)
1774368400.976521 sending message 105 to peer 0x5583ca038010 (26 bytes)
1774368400.976525 sending message 105 to peer 0x5583ca038010 (20 bytes)
1774368400.976529 sending message 105 to peer 0x5583ca038010 (24 bytes)
1774368400.976534 sending message 105 to peer 0x5583ca038010 (36 bytes)
1774368400.976542 sending message 105 to peer 0x5583ca038010 (45 bytes)
1774368400.976546 sending message 105 to peer 0x5583ca038010 (38 bytes)
1774368400.976550 sending message 105 to peer 0x5583ca038010 (20 bytes)
1774368400.976554 sending message 105 to peer 0x5583ca038010 (33 bytes)
1774368400.976559 sending message 105 to peer 0x5583ca038010 (25 bytes)
1774368400.976563 sending message 105 to peer 0x5583ca038010 (28 bytes)
1774368400.976567 sending message 105 to peer 0x5583ca038010 (34 bytes)
1774368400.976571 sending message 105 to peer 0x5583ca038010 (16 bytes)
1774368400.976575 sending message 105 to peer 0x5583ca038010 (64 bytes)
1774368400.976579 sending message 105 to peer 0x5583ca038010 (35 bytes)
1774368400.976584 sending message 105 to peer 0x5583ca038010 (16 bytes)
1774368400.976588 sending message 105 to peer 0x5583ca038010 (12 bytes)
1774368400.976592 sending message 105 to peer 0x5583ca038010 (15 bytes)
1774368400.976597 sending message 105 to peer 0x5583ca038010 (29 bytes)
1774368400.976601 sending message 105 to peer 0x5583ca038010 (68 bytes)
1774368400.976605 sending message 105 to peer 0x5583ca038010 (29 bytes)
1774368400.976609 sending message 105 to peer 0x5583ca038010 (14 bytes)
1774368400.976613 sending message 105 to peer 0x5583ca038010 (27 bytes)
1774368400.976617 sending message 105 to peer 0x5583ca038010 (25 bytes)
1774368400.976621 sending message 105 to peer 0x5583ca038010 (60 bytes)
1774368400.976626 sending message 105 to peer 0x5583ca038010 (15 bytes)
1774368400.976630 sending message 105 to peer 0x5583ca038010 (17 bytes)
1774368400.976634 sending message 105 to peer 0x5583ca038010 (39 bytes)
1774368400.976638 sending message 105 to peer 0x5583ca038010 (17 bytes)
1774368400.976642 sending message 105 to peer 0x5583ca038010 (30 bytes)
1774368400.976647 sending message 105 to peer 0x5583ca038010 (1917 bytes)
1774368400.976651 sending message 105 to peer 0x5583ca038010 (29 bytes)
1774368400.976655 sending message 105 to peer 0x5583ca038010 (26 bytes)
1774368400.976659 sending message 105 to peer 0x5583ca038010 (53 bytes)
1774368400.976664 sending message 105 to peer 0x5583ca038010 (18 bytes)
1774368400.976678 sending message 105 to peer 0x5583ca038010 (52 bytes)
1774368400.976685 sending message 105 to peer 0x5583ca038010 (47 bytes)
1774368400.976689 sending message 105 to peer 0x5583ca038010 (28 bytes)
1774368400.976693 sending message 105 to peer 0x5583ca038010 (23 bytes)
1774368400.976697 sending message 105 to peer 0x5583ca038010 (33 bytes)
1774368400.976701 sending message 105 to peer 0x5583ca038010 (19 bytes)
1774368400.976705 sending message 105 to peer 0x5583ca038010 (11 bytes)
1774368400.976709 sending message 105 to peer 0x5583ca038010 (36 bytes)
1774368400.976715 sending message 105 to peer 0x5583ca038010 (13 bytes)
1774368400.976720 sending message 105 to peer 0x5583ca038010 (90 bytes)
1774368400.976724 sending message 105 to peer 0x5583ca038010 (12 bytes)
1774368400.976729 sending message 105 to peer 0x5583ca038010 (11 bytes)
1774368400.976733 sending message 105 to peer 0x5583ca038010 (8 bytes)
1774368400.976737 sending message 105 to peer 0x5583ca038010 (21 bytes)
1774368400.976741 sending message 105 to peer 0x5583ca038010 (11 bytes)
1774368400.976746 sending message 105 to peer 0x5583ca038010 (11 bytes)
1774368400.976750 sending message 105 to peer 0x5583ca038010 (17 bytes)
1774368400.976754 sending message 105 to peer 0x5583ca038010 (21 bytes)
1774368400.976759 sending message 105 to peer 0x5583ca038010 (31 bytes)
1774368400.976763 sending message 105 to peer 0x5583ca038010 (50 bytes)
1774368400.976767 sending message 105 to peer 0x5583ca038010 (30 bytes)
1774368400.976771 sending message 105 to peer 0x5583ca038010 (28 bytes)
1774368400.976776 sending message 105 to peer 0x5583ca038010 (187 bytes)
1774368400.976780 sending message 105 to peer 0x5583ca038010 (24 bytes)
1774368400.976784 sending message 105 to peer 0x5583ca038010 (221 bytes)
1774368400.976789 sending message 105 to peer 0x5583ca038010 (24 bytes)
1774368400.976793 sending message 105 to peer 0x5583ca038010 (54 bytes)
1774368400.976801 sending message 105 to peer 0x5583ca038010 (27 bytes)
1774368400.976805 sending message 105 to peer 0x5583ca038010 (38 bytes)
1774368400.976809 sending message 105 to peer 0x5583ca038010 (27 bytes)
1774368400.976813 sending message 105 to peer 0x5583ca038010 (18 bytes)
1774368400.976818 sending message 105 to peer 0x5583ca038010 (16 bytes)
1774368400.976822 sending message 106 to peer 0x5583ca038010 (0 bytes)
1774368400.976876 sending message 200 to peer 0x5583ca038010 (4 bytes)
1774368400.976880 client loop enter
1774368400.977168 peer 0x5583ca038010 message 303
1774368400.977173 open write file 2 -
1774368400.977190 sending message 305 to peer 0x5583ca038010 (8 bytes)
1774368400.977198 write check file 2
1774368400.977252 peer 0x5583ca038010 message 304
1774368400.977257 write 58 to file 2
1774368400.977262 peer 0x5583ca038010 message 203
1774368400.977266 file 2 58 bytes left
1774368400.977278 write check file 2
1774368400.977281 client loop exit
